DASSH: Ducted Assembly Steady-State Heat Transfer Code
Version 0.12.1
Executed 2024-07-09 17:19:39.452145



ASSEMBLY GEOMETRY SUMMARY
--------------------------

   Parameter (m // m)^2  Assembly 1
-----------------------------------
                   Name        xx09
                   Pins          19
              Pin rings           3
           Pin diameter 5.84200E-03
              Pin pitch 7.26440E-03
         Clad thickness 4.00000E-04
             Wire pitch 3.04800E-01
          Wire diameter 1.13000E-03
         Wire direction countercloc
            Pin-pin gap 1.42240E-03
           Pin-wall gap 1.15804E-03
   Number of duct walls           1
  Number of bypass gaps           0
 Outside duct outer FTF 3.33227E-02
 Outside duct thickness 5.00000E-09
                Coolant          42
            1. Interior          24
                2. Edge          12
              3. Corner           6
        Duct (per wall)          18
                4. Edge          12
              5. Corner           6
                                   
       Bypass (per gap)         ---
                6. Edge         ---
              7. Corner         ---
                                   
        Subchannel area         ---
       1. Interior area 8.94559E-06
           2. Edge area 1.57266E-05
         3. Corner area 4.97121E-06
    Interior total area 4.33241E-04
                                   
        Hydraulic diam.         ---
         1. Interior De 3.26596E-03
             2. Edge De 3.45249E-03
           3. Corner De 2.37797E-03
              Bundle De 3.25887E-03
                                   
 Centroid-centroid dist         ---
               1 <--> 1 4.19410E-03
               1 <--> 2 4.13657E-03
               2 <--> 2 7.26440E-03
               2 <--> 3 4.80972E-03
               3 <--> 3 4.04147E-03
                                   
           Correlations         ---
        Friction factor         cts
             Flow split         ctd
      Mixing parameters         mit
         Nusselt number dittus-boel
           Shape factor 1.25000E+00



ASSEMBLY POWER AND ASSIGNED FLOW RATE
--------------------------------------
This table reports the total flow rate and power for each assembly.
The axial mesh size constraint required for each assembly is reported
as "dz".

"Limiting SC" refers to the type of subchannel that constrains the axial mesh
size. The subchannel ID is the first number; the subchannels to which it
is connected are the second set of numbers. Subchannel IDs are (1) interior;
(2) edge; (3) corner; (6) bypass edge; (7); bypass corner. If a bypass
channel is constraining, the third value indicates which bypass gap the
channel resides in.

Example: "3-22" identifies corner subchannel connected to two edge subchannels
Example: "7-66-0" indicates a bypass corner subchannel connected to two
    bypass edge channels in the first (innermost) bypass gap.

Gr* is the modified Grashof number, which indicates whether buoyancy effects
are important in the pin bundle. If the assembly has a pin bundle region and
Gr* >= 0.02, buoyancy effects should be important and the forced convection
representation of the flow is not accurate.

                            Flow rate      Power         dz   Limiting                Forced
Asm.       Name       Loc.     (kg/s)        (W)        (m)         SC        Gr*  Conv Repr
--------------------------------------------------------------------------------------------
   1       xx09    ( 1, 1)  3.060E+00  3.223E+05  2.336E-02       3-22  1.500E-02          ✓



SUBCHANNEL FLOW CHARACTERISTICS
--------------------------------
Column heading definitions
    Avg. - Average coolant velocity in rod bundle or assembly
    Int. - Coolant velocity in the interior subchannel
    Edge - Coolant velocity in the edge subchannel
    Corner - Coolant velocity in the corner subchannel
    Bypass - Average coolant velocity in the bypass gap, if applicable
    Swirl - Transverse velocity in edge/corner subchannels due to wire-wrap
    Bundle RE - Average Reynolds number in rod bundle or assembly
    Friction factor - Unitless friction factor for bundle or assembly
    Eddy df. - Correlated eddy diffusivity in subchannels

Notes
- Values reported for coolant at inlet temperature
- Flow split can be obtained as ratio of subchannel and average velocities
- Average values reported for assemblies without rod bundle specification

                          |-------  --------  Velocity  (m/s) --  --------  -------|    Bundle  Friction  Eddy Df.
Asm.      Name      Pos.      Avg.      Int.      Edge    Corner    Bypass     Swirl        RE    Factor   (m^2/s)
------------------------------------------------------------------------------------------------------------------
   1      xx09   ( 1, 1)     0.703     0.733     0.698     0.523       ---     0.059     19032  2.55E-02   0.00007



PRESSURE DROP (MPa) ACROSS ASSEMBLIES
--------------------------------------
Notes
- "Total" is the total pressure drop accumulated across the assembly
- "Region 1...N" is the pressure drop in each user-specified axial
    region, starting from the bottom

Asm.        Name        Loc.       Total    Friction  SpacerGrid     Gravity    Region 1
----------------------------------------------------------------------------------------
   1        xx09     ( 1, 1)  1.1846E-02  1.1846E-02         ---         ---  1.1846E-02



OVERALL ASSEMBLY ENERGY BALANCE
--------------------------------
Column heading definitions
    A - Heat added to coolant through pins or by direct heating (W)
    B - Heat added to duct wall (W)
    C - Heat transferred to assembly-interior coolant through duct wall (W)
    D - Heat transferred to double-duct bypass coolant through duct walls (W)
    E - Assembly coolant mass flow rate (kg/s)
    F - Assembly axially averaged heat capacity (J/kg-K)
    G - Assembly coolant temperature rise (K)
    SUM - Assembly energy balance: A + C + D - E * F * G (W)
    ERROR - SUM / (A + B)

Asm.            A            B            C            D            E            F            G          SUM        ERROR
-------------------------------------------------------------------------------------------------------------------------
   1   3.2230E+05   0.0000E+00   0.0000E+00   0.0000E+00   3.0600E+00   1.4119E+02   7.5179E+02  -2.5128E+03  -7.7964E-03
-------------------------------------------------------------------------------------------------------------------------
 GAP   0.0000E+00   0.0000E+00   0.0000E+00   0.0000E+00   0.0000E+00   1.4589E+02   0.0000E+00   0.0000E+00   0.0000E+00
CORE   3.2230E+05   0.0000E+00          ---          ---   3.0600E+00   1.4119E+02   7.5179E+02  -2.5128E+03  -7.7964E-03



INTER-ASSEMBLY HEAT TRANSFER
-----------------------------
Notes
- Tracks heat transfer between assemblies and inter-assembly gap coolant
- Positive values indicate heat gained by assemblies through inter-assembly gap
- Duct faces are as shown in the key below
- Adjacent assembly ID is shown in parentheses next to each value.

Duct face key                  Face 6    =   Face 1
    Face 1:  1-o'clock                =     =
    Face 2:  3-o'clock             =           =
    Face 3:  5-o'clock     Face 5  =           =  Face 2
    Face 4:  7-o'clock             =           =
    Face 5:  9-o'clock                =     =
    Face 6: 11-o'clock         Face 4    =   Face 3

                        |-- Power (W) through outer duct face; (adjacent assembly ID) -->
Asm.         Power (W)            Face 1            Face 2            Face 3            Face 4            Face 5            Face 6
----------------------------------------------------------------------------------------------------------------------------------
   1       3.22300E+05  -0.000E+00 (---)  -0.000E+00 (---)  -0.000E+00 (---)  -0.000E+00 (---)  -0.000E+00 (---)  -0.000E+00 (---)



COOLANT TEMPERATURE SUMMARY
----------------------------
Column heading definitions
    Power - Total assembly power
    Bulk outlet - Mixed-mean coolant temperature at the assembly outlet
    Peak outlet - Maximum coolant subchannel temperature at the assembly outlet
    Peak total - Axial-maximum coolant subchannel temperature in the assembly
    Peak + Unc. - "Peak total" coolant temperature plus HCF uncertainty
    Peak height - Axial height at which "Peak total" temperature occurs

Peak temperatures plus uncertainty are not calculated.

                         Power    Flow rate  Bulk outlet  Peak outlet   Peak total  Peak + Unc.  Peak height
 Asm         Name          (W)       (kg/s)          (K)          (K)          (K)          (K)          (m)
------------------------------------------------------------------------------------------------------------
   1         xx09  3.22300E+05  3.06000E+00      1467.94      1594.55      1594.55        -----         0.61



DUCT TEMPERATURE SUMMARY
-------------------------
Column heading definitions
    Average temp. - Duct mid-wall temperature per face at core outlet
    Peak temp. - Axial peak duct mid-wall temperature
    Peak Ht. - Axial position at which peak duct MW temperature occurs

Duct face key                  Face 6    =   Face 1
    Face 1:  1-o'clock                =     =
    Face 2:  3-o'clock             =           =
    Face 3:  5-o'clock     Face 5  =           =  Face 2
    Face 4:  7-o'clock             =           =
    Face 5:  9-o'clock                =     =
    Face 6: 11-o'clock         Face 4    =   Face 3

                          |----------- Average duct MW temperature (K) ------------| Peak temp  Peak ht.
Asm.      Loc.   Duct ID    Face 1    Face 2    Face 3    Face 4    Face 5    Face 6       (K)       (m)
--------------------------------------------------------------------------------------------------------
   1   ( 1, 1)         1   1386.16   1384.13   1382.06   1382.45   1384.26   1386.54   1387.25      0.61



PEAK CLAD MW TEMPERATURES
--------------------------
The table shows radial pin temperatures in the pin and at the
height where the peak clad mw temperature occurs. Nominal
temperatures are those calculated directly by DASSH.

Peak temperatures plus uncertainty are not calculated.

                                     | Nominal Peak Temps (K) -----------------------| N-Sigma Peak Temps (K) 
 Asm     Asm          Height   Power |          Clad    Clad    Clad    Fuel    Fuel |          Clad    Clad
  ID    Name     Pin     (m)   (W/m) |  Cool      OD      MW      ID      OD      CL |  Cool      OD      MW
------------------------------------------------------------------------------------------------------------
   1    xx09       0     0.6 28530.9  1591.5  1628.6  1637.8  1647.7  1663.5  1726.1   -----   -----   -----



PEAK FUEL CL TEMPERATURES
--------------------------
The table shows radial pin temperatures in the pin and at the
height where the peak fuel cl temperature occurs. Nominal
temperatures are those calculated directly by DASSH.

Peak temperatures plus uncertainty are not calculated.

                                     | Nominal Peak Temps (K) -----------------------| N-Sigma Peak Temps (K) ----------------------
 Asm     Asm          Height   Power |          Clad    Clad    Clad    Fuel    Fuel |          Clad    Clad    Clad    Fuel    Fuel
  ID    Name     Pin     (m)   (W/m) |  Cool      OD      MW      ID      OD      CL |  Cool      OD      MW      ID      OD      CL
------------------------------------------------------------------------------------------------------------------------------------
   1    xx09       0     0.6 28530.9  1591.5  1628.6  1637.8  1647.7  1663.5  1726.1   -----   -----   -----   -----   -----   -----
